\BOOKMARK [1][-]{section.1}{Introduction}{}% 1
\BOOKMARK [1][-]{section.2}{Preliminaries}{}% 2
\BOOKMARK [1][-]{section.3}{The core constraint language}{}% 3
\BOOKMARK [2][-]{subsection.3.1}{Semantics of the replaceAll Function}{section.3}% 4
\BOOKMARK [2][-]{subsection.3.2}{Straight-Line String Constraints With the replaceAll Function}{section.3}% 5
\BOOKMARK [1][-]{section.4}{The satisfiability problem}{}% 6
\BOOKMARK [1][-]{section.5}{Outline of Decision Procedures}{}% 7
\BOOKMARK [1][-]{section.6}{Decision procedure for SL[replaceAll]: The single-letter case}{}% 8
\BOOKMARK [2][-]{subsection.6.1}{A Single Use of replaceAll\(-, -, -\)}{section.6}% 9
\BOOKMARK [2][-]{subsection.6.2}{The General Case}{section.6}% 10
\BOOKMARK [3][-]{subsubsection.6.2.1}{Complexity}{subsection.6.2}% 11
\BOOKMARK [1][-]{section.7}{Decision procedure for SL[replaceAll]: The constant-string case}{}% 12
\BOOKMARK [1][-]{section.8}{Decision procedure for SL[replaceAll]: The regular-expression case}{}% 13
\BOOKMARK [1][-]{section.9}{Undecidable extensions}{}% 14
\BOOKMARK [1][-]{section.10}{Related work}{}% 15
\BOOKMARK [1][-]{section.11}{Conclusion}{}% 16
\BOOKMARK [1][-]{appendix.A}{Proof of Proposition 4.1}{}% 17
\BOOKMARK [1][-]{appendix.B}{Section 6: The Correctness of the decision procedure}{}% 18
\BOOKMARK [1][-]{appendix.C}{The product automaton A1 Aufor u = 010}{}% 19
\BOOKMARK [1][-]{appendix.D}{Complexity analysis in Section 7}{}% 20
\BOOKMARK [1][-]{appendix.E}{Complexity analysis in Section 8}{}% 21
\BOOKMARK [1][-]{appendix.F}{Examples in Section 8}{}% 22
\BOOKMARK [1][-]{appendix.G}{Undecidability Proofs for Section 9}{}% 23
\BOOKMARK [2][-]{subsection.G.1}{Proof of Theorem 9.4}{appendix.G}% 24
\BOOKMARK [2][-]{subsection.G.2}{Undecidability of Depth-1 Dependency Graph}{appendix.G}% 25
\BOOKMARK [2][-]{subsection.G.3}{Undecidability of the Character Constraints}{appendix.G}% 26
\BOOKMARK [2][-]{subsection.G.4}{Undecidability of the IndexOf Constraints}{appendix.G}% 27
