This is pdfTeX, Version 3.14159265-2.6-1.40.16 (TeX Live 2015) (preloaded format=pdflatex 2016.3.12)  10 JAN 2021 00:04
entering extended mode
 \write18 enabled.
 file:line:error style messages enabled.
 %&-line parsing enabled.
**main.tex
(./main.tex
LaTeX2e <2015/01/01>
Babel <3.9l> and hyphenation patterns for 79 languages loaded.
(/usr/local/texlive/2015/texmf-dist/tex/llncs2e/llncs.cls
Document Class: llncs 2014/03/31 v2.19 
 LaTeX document class for Lecture Notes in Computer Science
(/usr/local/texlive/2015/texmf-dist/tex/latex/base/article.cls
Document Class: article 2014/09/29 v1.4h Standard LaTeX document class
(/usr/local/texlive/2015/texmf-dist/tex/latex/base/size10.clo
File: size10.clo 2014/09/29 v1.4h Standard LaTeX file (size option)
)
\c@part=\count79
\c@section=\count80
\c@subsection=\count81
\c@subsubsection=\count82
\c@paragraph=\count83
\c@subparagraph=\count84
\c@figure=\count85
\c@table=\count86
\abovecaptionskip=\skip41
\belowcaptionskip=\skip42
\bibindent=\dimen102
)
(/usr/local/texlive/2015/texmf-dist/tex/latex/tools/multicol.sty
Package: multicol 2015/03/31 v1.8m multicolumn formatting (FMi)
\c@tracingmulticols=\count87
\mult@box=\box26
\multicol@leftmargin=\dimen103
\c@unbalance=\count88
\c@collectmore=\count89
\doublecol@number=\count90
\multicoltolerance=\count91
\multicolpretolerance=\count92
\full@width=\dimen104
\page@free=\dimen105
\premulticols=\dimen106
\postmulticols=\dimen107
\multicolsep=\skip43
\multicolbaselineskip=\skip44
\partial@page=\box27
\last@line=\box28
\maxbalancingoverflow=\dimen108
\mult@rightbox=\box29
\mult@grightbox=\box30
\mult@gfirstbox=\box31
\mult@firstbox=\box32
\@tempa=\box33
\@tempa=\box34
\@tempa=\box35
\@tempa=\box36
\@tempa=\box37
\@tempa=\box38
\@tempa=\box39
\@tempa=\box40
\@tempa=\box41
\@tempa=\box42
\@tempa=\box43
\@tempa=\box44
\@tempa=\box45
\@tempa=\box46
\@tempa=\box47
\@tempa=\box48
\@tempa=\box49
\c@columnbadness=\count93
\c@finalcolumnbadness=\count94
\last@try=\dimen109
\multicolovershoot=\dimen110
\multicolundershoot=\dimen111
\mult@nat@firstbox=\box50
\colbreak@box=\box51
\mc@col@check@num=\count95
)
(/usr/local/texlive/2015/texmf-dist/tex/latex/oberdiek/aliascnt.sty
Package: aliascnt 2009/09/08 v1.3 Alias counters (HO)

(/usr/local/texlive/2015/texmf-dist/tex/latex/carlisle/remreset.sty))
\c@chapter=\count96
LaTeX Font Info:    Redeclaring math symbol \Gamma on input line 362.
LaTeX Font Info:    Redeclaring math symbol \Delta on input line 363.
LaTeX Font Info:    Redeclaring math symbol \Theta on input line 364.
LaTeX Font Info:    Redeclaring math symbol \Lambda on input line 365.
LaTeX Font Info:    Redeclaring math symbol \Xi on input line 366.
LaTeX Font Info:    Redeclaring math symbol \Pi on input line 367.
LaTeX Font Info:    Redeclaring math symbol \Sigma on input line 368.
LaTeX Font Info:    Redeclaring math symbol \Upsilon on input line 369.
LaTeX Font Info:    Redeclaring math symbol \Phi on input line 370.
LaTeX Font Info:    Redeclaring math symbol \Psi on input line 371.
LaTeX Font Info:    Redeclaring math symbol \Omega on input line 372.
\tocchpnum=\dimen112
\tocsecnum=\dimen113
\tocsectotal=\dimen114
\tocsubsecnum=\dimen115
\tocsubsectotal=\dimen116
\tocsubsubsecnum=\dimen117
\tocsubsubsectotal=\dimen118
\tocparanum=\dimen119
\tocparatotal=\dimen120
\tocsubparanum=\dimen121
\@tempcntc=\count97
\fnindent=\dimen122
\c@@inst=\count98
\c@@auth=\count99
\c@auco=\count100
\instindent=\dimen123
\authrun=\box52
\authorrunning=\toks14
\tocauthor=\toks15
\titrun=\box53
\titlerunning=\toks16
\toctitle=\toks17
\c@theorem=\count101
\c@case=\count102
\c@conjecture=\count103
\c@corollary=\count104
\c@definition=\count105
\c@example=\count106
\c@exercise=\count107
\c@lemma=\count108
\c@note=\count109
\c@problem=\count110
\c@property=\count111
\c@proposition=\count112
\c@question=\count113
\c@solution=\count114
\c@remark=\count115
\headlineindent=\dimen124
)
(/usr/local/texlive/2015/texmf-dist/tex/latex/jknapltx/mathrsfs.sty
Package: mathrsfs 1996/01/01 Math RSFS package v1.0 (jk)
\symrsfs=\mathgroup4
)
(/usr/local/texlive/2015/texmf-dist/tex/latex/blindtext/blindtext.sty
Package: blindtext 2012/01/06 V2.0 blindtext-Package

(/usr/local/texlive/2015/texmf-dist/tex/latex/tools/xspace.sty
Package: xspace 2014/10/28 v1.13 Space after command names (DPC,MH)
)
\c@blindtext=\count116
\c@Blindtext=\count117
\c@blind@countparstart=\count118
\blind@countxx=\count119
\blindtext@numBlindtext=\count120
\blind@countyy=\count121
\c@blindlist=\count122
\c@blindlistlevel=\count123
\c@blindlist@level=\count124
\blind@listitem=\count125
\c@blind@listcount=\count126
\c@blind@levelcount=\count127
\blind@mathformula=\count128
\blind@Mathformula=\count129
\c@blind@randomcount=\count130
\c@blind@randommax=\count131
\c@blind@pangramcount=\count132
\c@blind@pangrammax=\count133
)
(/usr/local/texlive/2015/texmf-dist/tex/latex/minted/minted.sty
Package: minted 2015/01/31 v2.0 Yet another Pygments shim for LaTeX

(/usr/local/texlive/2015/texmf-dist/tex/latex/graphics/keyval.sty
Package: keyval 2014/10/28 v1.15 key=value parser (DPC)
\KV@toks@=\toks18
)
(/usr/local/texlive/2015/texmf-dist/tex/latex/oberdiek/kvoptions.sty
Package: kvoptions 2011/06/30 v3.11 Key value format for package options (HO)

(/usr/local/texlive/2015/texmf-dist/tex/generic/oberdiek/ltxcmds.sty
Package: ltxcmds 2011/11/09 v1.22 LaTeX kernel commands for general use (HO)
)
(/usr/local/texlive/2015/texmf-dist/tex/generic/oberdiek/kvsetkeys.sty
Package: kvsetkeys 2012/04/25 v1.16 Key value parser (HO)

(/usr/local/texlive/2015/texmf-dist/tex/generic/oberdiek/infwarerr.sty
Package: infwarerr 2010/04/08 v1.3 Providing info/warning/error messages (HO)
)
(/usr/local/texlive/2015/texmf-dist/tex/generic/oberdiek/etexcmds.sty
Package: etexcmds 2011/02/16 v1.5 Avoid name clashes with e-TeX commands (HO)

(/usr/local/texlive/2015/texmf-dist/tex/generic/oberdiek/ifluatex.sty
Package: ifluatex 2010/03/01 v1.3 Provides the ifluatex switch (HO)
Package ifluatex Info: LuaTeX not detected.
)
Package etexcmds Info: Could not find \expanded.
(etexcmds)             That can mean that you are not using pdfTeX 1.50 or
(etexcmds)             that some package has redefined \expanded.
(etexcmds)             In the latter case, load this package earlier.
)))
(/usr/local/texlive/2015/texmf-dist/tex/latex/fancyvrb/fancyvrb.sty
Package: fancyvrb 2008/02/07

Style option: `fancyvrb' v2.7a, with DG/SPQR fixes, and firstline=lastline fix 
<2008/02/07> (tvz)
\FV@CodeLineNo=\count134
\FV@InFile=\read1
\FV@TabBox=\box54
\c@FancyVerbLine=\count135
\FV@StepNumber=\count136
\FV@OutFile=\write3
)
(/usr/local/texlive/2015/texmf-dist/tex/latex/float/float.sty
Package: float 2001/11/08 v1.3d Float enhancements (AL)
\c@float@type=\count137
\float@exts=\toks19
\float@box=\box55
\@float@everytoks=\toks20
\@floatcapt=\box56
)
(/usr/local/texlive/2015/texmf-dist/tex/latex/base/ifthen.sty
Package: ifthen 2014/09/29 v1.1c Standard LaTeX ifthen package (DPC)
)
(/usr/local/texlive/2015/texmf-dist/tex/latex/tools/calc.sty
Package: calc 2014/10/28 v4.3 Infix arithmetic (KKT,FJ)
\calc@Acount=\count138
\calc@Bcount=\count139
\calc@Adimen=\dimen125
\calc@Bdimen=\dimen126
\calc@Askip=\skip45
\calc@Bskip=\skip46
LaTeX Info: Redefining \setlength on input line 80.
LaTeX Info: Redefining \addtolength on input line 81.
\calc@Ccount=\count140
\calc@Cskip=\skip47
)
(/usr/local/texlive/2015/texmf-dist/tex/latex/ifplatform/ifplatform.sty
Package: ifplatform 2010/10/22 v0.4 Testing for the operating system

(/usr/local/texlive/2015/texmf-dist/tex/generic/oberdiek/pdftexcmds.sty
Package: pdftexcmds 2011/11/29 v0.20 Utility functions of pdfTeX for LuaTeX (HO
)

(/usr/local/texlive/2015/texmf-dist/tex/generic/oberdiek/ifpdf.sty
Package: ifpdf 2011/01/30 v2.3 Provides the ifpdf switch (HO)
Package ifpdf Info: pdfTeX in PDF mode is detected.
)
Package pdftexcmds Info: LuaTeX not detected.
Package pdftexcmds Info: \pdf@primitive is available.
Package pdftexcmds Info: \pdf@ifprimitive is available.
Package pdftexcmds Info: \pdfdraftmode found.
)
(/usr/local/texlive/2015/texmf-dist/tex/generic/oberdiek/catchfile.sty
Package: catchfile 2011/03/01 v1.6 Catch the contents of a file (HO)
)
runsystem(uname -s > "main.w18")...executed.


(./main.w18)
runsystem(rm -- "main.w18")...executed.

)
(/usr/local/texlive/2015/texmf-dist/tex/latex/etoolbox/etoolbox.sty
Package: etoolbox 2015/05/04 v2.2 e-TeX tools for LaTeX (JAW)
\etb@tempcnta=\count141
)
(/usr/local/texlive/2015/texmf-dist/tex/generic/xstring/xstring.sty
(/usr/local/texlive/2015/texmf-dist/tex/generic/xstring/xstring.tex
\@xs@message=\write4
\integerpart=\count142
\decimalpart=\count143
)
Package: xstring 2013/10/13  v1.7c  String manipulations (C Tellechea)
)
(/usr/local/texlive/2015/texmf-dist/tex/latex/lineno/lineno.sty
Package: lineno 2005/11/02 line numbers on paragraphs v4.41
\linenopenalty=\count144
\output=\toks21
\linenoprevgraf=\count145
\linenumbersep=\dimen127
\linenumberwidth=\dimen128
\c@linenumber=\count146
\c@pagewiselinenumber=\count147
\c@LN@truepage=\count148
\c@internallinenumber=\count149
\c@internallinenumbers=\count150
\quotelinenumbersep=\dimen129
\bframerule=\dimen130
\bframesep=\dimen131
\bframebox=\box57
LaTeX Info: Redefining \\ on input line 3056.
)
\minted@appexistsfile=\read2
\FV@BreakIndent=\dimen132
\FV@BreakSymbolSepLeft=\dimen133
\FV@BreakSymbolSepRight=\dimen134
\FV@BreakSymbolIndentLeft=\dimen135
\FV@BreakSymbolIndentRight=\dimen136
\c@FancyVerbLineBreakLast=\count151
\FV@LineBox=\box58
\FV@LineIndentBox=\box59
\minted@bgbox=\box60
\minted@code=\write5
\c@minted@FancyVerbLineTemp=\count152
\@float@every@listing=\toks22
\c@listing=\count153
)
runsystem(mkdir -p "_minted-main")...executed.

runsystem(which "pygmentize" && touch "main.aex")...executed.

runsystem(rm "main.aex")...executed.


(./_minted-main/default.pygstyle)
(/usr/local/texlive/2015/texmf-dist/tex/latex/eqnarray/eqnarray.sty
equationarray 1.3 <December 1, 2010>
Package: eqnarray 
(/usr/local/texlive/2015/texmf-dist/tex/latex/tools/array.sty
Package: array 2014/10/28 v2.4c Tabular extension package (FMi)
\col@sep=\dimen137
\extrarowheight=\dimen138
\NC@list=\toks23
\extratabsurround=\skip48
\backup@length=\skip49
)
\@eqargcnt=\count154
)
(/usr/local/texlive/2015/texmf-dist/tex/latex/amsfonts/amssymb.sty
Package: amssymb 2013/01/14 v3.01 AMS font symbols

(/usr/local/texlive/2015/texmf-dist/tex/latex/amsfonts/amsfonts.sty
Package: amsfonts 2013/01/14 v3.01 Basic AMSFonts support
\@emptytoks=\toks24
\symAMSa=\mathgroup5
\symAMSb=\mathgroup6
LaTeX Font Info:    Overwriting math alphabet `\mathfrak' in version `bold'
(Font)                  U/euf/m/n --> U/euf/b/n on input line 106.
))
(/usr/local/texlive/2015/texmf-dist/tex/latex/mathtools/mathtools.sty
Package: mathtools 2015/05/11 v1.16 mathematical typesetting tools

(/usr/local/texlive/2015/texmf-dist/tex/latex/mathtools/mhsetup.sty
Package: mhsetup 2010/01/21 v1.2a programming setup (MH)
)
(/usr/local/texlive/2015/texmf-dist/tex/latex/amsmath/amsmath.sty
Package: amsmath 2013/01/14 v2.14 AMS math features
\@mathmargin=\skip50

For additional information on amsmath, use the `?' option.
(/usr/local/texlive/2015/texmf-dist/tex/latex/amsmath/amstext.sty
Package: amstext 2000/06/29 v2.01

(/usr/local/texlive/2015/texmf-dist/tex/latex/amsmath/amsgen.sty
File: amsgen.sty 1999/11/30 v2.0
\@emptytoks=\toks25
\ex@=\dimen139
))
(/usr/local/texlive/2015/texmf-dist/tex/latex/amsmath/amsbsy.sty
Package: amsbsy 1999/11/29 v1.2d
\pmbraise@=\dimen140
)
(/usr/local/texlive/2015/texmf-dist/tex/latex/amsmath/amsopn.sty
Package: amsopn 1999/12/14 v2.01 operator names
)
\inf@bad=\count155
LaTeX Info: Redefining \frac on input line 210.
\uproot@=\count156
\leftroot@=\count157
LaTeX Info: Redefining \overline on input line 306.
\classnum@=\count158
\DOTSCASE@=\count159
LaTeX Info: Redefining \ldots on input line 378.
LaTeX Info: Redefining \dots on input line 381.
LaTeX Info: Redefining \cdots on input line 466.
\Mathstrutbox@=\box61
\strutbox@=\box62
\big@size=\dimen141
LaTeX Font Info:    Redeclaring font encoding OML on input line 566.
LaTeX Font Info:    Redeclaring font encoding OMS on input line 567.


Package amsmath Warning: Unable to redefine math accent \vec.

\macc@depth=\count160
\c@MaxMatrixCols=\count161
\dotsspace@=\muskip10
\c@parentequation=\count162
\dspbrk@lvl=\count163
\tag@help=\toks26
\row@=\count164
\column@=\count165
\maxfields@=\count166
\andhelp@=\toks27
\eqnshift@=\dimen142
\alignsep@=\dimen143
\tagshift@=\dimen144
\tagwidth@=\dimen145
\totwidth@=\dimen146
\lineht@=\dimen147
\@envbody=\toks28
\multlinegap=\skip51
\multlinetaggap=\skip52
\mathdisplay@stack=\toks29
LaTeX Info: Redefining \[ on input line 2665.
LaTeX Info: Redefining \] on input line 2666.
)
LaTeX Info: Thecontrolsequence`\('isalreadyrobust on input line 129.
LaTeX Info: Thecontrolsequence`\)'isalreadyrobust on input line 129.
LaTeX Info: Thecontrolsequence`\['isalreadyrobust on input line 129.
LaTeX Info: Thecontrolsequence`\]'isalreadyrobust on input line 129.
\g_MT_multlinerow_int=\count167
\l_MT_multwidth_dim=\dimen148
\origjot=\skip53
\l_MT_shortvdotswithinadjustabove_dim=\dimen149
\l_MT_shortvdotswithinadjustbelow_dim=\dimen150
\l_MT_above_intertext_sep=\dimen151
\l_MT_below_intertext_sep=\dimen152
\l_MT_above_shortintertext_sep=\dimen153
\l_MT_below_shortintertext_sep=\dimen154
) (./macros.tex
\c@fact=\count168
) (./main.aux

LaTeX Warning: Label `eqn:exmp' multiply defined.

)
\openout1 = `main.aux'.

LaTeX Font Info:    Checking defaults for OML/cmm/m/it on input line 63.
LaTeX Font Info:    ... okay on input line 63.
LaTeX Font Info:    Checking defaults for T1/cmr/m/n on input line 63.
LaTeX Font Info:    ... okay on input line 63.
LaTeX Font Info:    Checking defaults for OT1/cmr/m/n on input line 63.
LaTeX Font Info:    ... okay on input line 63.
LaTeX Font Info:    Checking defaults for OMS/cmsy/m/n on input line 63.
LaTeX Font Info:    ... okay on input line 63.
LaTeX Font Info:    Checking defaults for OMX/cmex/m/n on input line 63.
LaTeX Font Info:    ... okay on input line 63.
LaTeX Font Info:    Checking defaults for U/cmr/m/n on input line 63.
LaTeX Font Info:    ... okay on input line 63.
 (/usr/local/texlive/2015/texmf-dist/tex/latex/xcolor/xcolor.sty
Package: xcolor 2007/01/21 v2.11 LaTeX color extensions (UK)

(/usr/local/texlive/2015/texmf-dist/tex/latex/latexconfig/color.cfg
File: color.cfg 2007/01/18 v1.5 color configuration of teTeX/TeXLive
)
Package xcolor Info: Driver file: pdftex.def on input line 225.

(/usr/local/texlive/2015/texmf-dist/tex/latex/pdftex-def/pdftex.def
File: pdftex.def 2011/05/27 v0.06d Graphics/color for pdfTeX
\Gread@gobject=\count169

(/usr/local/texlive/2015/texmf-dist/tex/context/base/supp-pdf.mkii
[Loading MPS to PDF converter (version 2006.09.02).]
\scratchcounter=\count170
\scratchdimen=\dimen155
\scratchbox=\box63
\nofMPsegments=\count171
\nofMParguments=\count172
\everyMPshowfont=\toks30
\MPscratchCnt=\count173
\MPscratchDim=\dimen156
\MPnumerator=\count174
\makeMPintoPDFobject=\count175
\everyMPtoPDFconversion=\toks31
))
Package xcolor Info: Model `cmy' substituted by `cmy0' on input line 1337.
Package xcolor Info: Model `hsb' substituted by `rgb' on input line 1341.
Package xcolor Info: Model `RGB' extended on input line 1353.
Package xcolor Info: Model `HTML' substituted by `rgb' on input line 1355.
Package xcolor Info: Model `Hsb' substituted by `hsb' on input line 1356.
Package xcolor Info: Model `tHsb' substituted by `hsb' on input line 1357.
Package xcolor Info: Model `HSB' substituted by `hsb' on input line 1358.
Package xcolor Info: Model `Gray' substituted by `gray' on input line 1359.
Package xcolor Info: Model `wave' substituted by `hsb' on input line 1360.
) (/usr/local/texlive/2015/texmf-dist/tex/latex/graphics/graphicx.sty
Package: graphicx 2014/10/28 v1.0g Enhanced LaTeX Graphics (DPC,SPQR)

(/usr/local/texlive/2015/texmf-dist/tex/latex/graphics/graphics.sty
Package: graphics 2014/10/28 v1.0p Standard LaTeX Graphics (DPC,SPQR)

(/usr/local/texlive/2015/texmf-dist/tex/latex/graphics/trig.sty
Package: trig 1999/03/16 v1.09 sin cos tan (DPC)
)
(/usr/local/texlive/2015/texmf-dist/tex/latex/latexconfig/graphics.cfg
File: graphics.cfg 2010/04/23 v1.9 graphics configuration of TeX Live
)
Package graphics Info: Driver file: pdftex.def on input line 94.
)
(/usr/local/texlive/2015/texmf-dist/tex/latex/oberdiek/epstopdf-base.sty
Package: epstopdf-base 2010/02/09 v2.5 Base part for package epstopdf

(/usr/local/texlive/2015/texmf-dist/tex/latex/oberdiek/grfext.sty
Package: grfext 2010/08/19 v1.1 Manage graphics extensions (HO)

(/usr/local/texlive/2015/texmf-dist/tex/generic/oberdiek/kvdefinekeys.sty
Package: kvdefinekeys 2011/04/07 v1.3 Define keys (HO)
))
Package grfext Info: Graphics extension search list:
(grfext)             [.png,.pdf,.jpg,.mps,.jpeg,.jbig2,.jb2,.PNG,.PDF,.JPG,.JPE
G,.JBIG2,.JB2,.eps]
(grfext)             \AppendGraphicsExtensions on input line 452.

(/usr/local/texlive/2015/texmf-dist/tex/latex/latexconfig/epstopdf-sys.cfg
File: epstopdf-sys.cfg 2010/07/13 v1.3 Configuration of (r)epstopdf for TeX Liv
e
))
\Gin@req@height=\dimen157
\Gin@req@width=\dimen158
)
LaTeX Font Info:    Try loading font information for U+rsfs on input line 74.

(/usr/local/texlive/2015/texmf-dist/tex/latex/jknapltx/ursfs.fd
File: ursfs.fd 1998/03/24 rsfs font definition file (jk)
)
LaTeX Font Info:    Try loading font information for U+msa on input line 74.

(/usr/local/texlive/2015/texmf-dist/tex/latex/amsfonts/umsa.fd
File: umsa.fd 2013/01/14 v3.01 AMS symbols A
)
LaTeX Font Info:    Try loading font information for U+msb on input line 74.

(/usr/local/texlive/2015/texmf-dist/tex/latex/amsfonts/umsb.fd
File: umsb.fd 2013/01/14 v3.01 AMS symbols B
) (./intro.tex
Overfull \hbox (21.64894pt too wide) in paragraph at lines 15--19
\OT1/cmr/m/n/10 anal-y-sis called \OT1/cmr/m/it/10 dy-namic sym-bolic ex-e-cu-t
ion \OT1/cmr/m/n/10 [[],[],[],[],[]].
 []

[1

{/usr/local/texlive/2015/texmf-var/fonts/map/pdftex/updmap/pdftex.map}])
(./motivating-example.tex
\openout3 = `main.pyg'.


(./_minted-main/3D1BE3B2DE67B27520079898DF500B171C0B699A52E59170F3D67FE5DDA173B
E.pygtex
LaTeX Font Info:    Font shape `OT1/cmtt/bx/n' in size <9> not available
(Font)              Font shape `OT1/cmtt/m/n' tried instead on input line 2.
) [2]
Overfull \hbox (2.15454pt too wide) in paragraph at lines 51--54
\OT1/cmr/m/n/10 where $[] []$ re-quires that $\OT1/cmss/m/n/10 authorList$ \OT1
/cmr/m/n/10 matches $\OT1/cmss/m/n/10 autListReg$\OT1/cmr/m/n/10 ,
 []

) (./prel.tex [3] [4]
Overfull \hbox (12.14809pt too wide) in paragraph at lines 129--131
[]\OT1/cmr/m/it/10 For any $[]$ $\OML/cmm/m/it/10 e$ \OT1/cmr/m/it/10 and a str
ing $\OML/cmm/m/it/10 w$\OT1/cmr/m/it/10 , we re-cur-sively de-fine an or-der o
n $\U/rsfs/m/n/10 M[]\OT1/cmr/m/n/10 (\OML/cmm/m/it/10 e\OT1/cmr/m/n/10 )$\OT1/
cmr/m/it/10 ,
 []


Overfull \hbox (33.3127pt too wide) in paragraph at lines 145--149
\OT1/cmr/m/it/10 then $\OML/cmm/m/it/10 T >[] T[]$ \OT1/cmr/m/it/10 when ei-the
r $\OML/cmm/m/it/10 T[] >[] T[]$\OT1/cmr/m/it/10 , or $\OML/cmm/m/it/10 w[] \OT
1/cmr/m/n/10 = \OML/cmm/m/it/10 w[]$ \OT1/cmr/m/it/10 and $\OML/cmm/m/it/10 T[]
 >[]
 []


Overfull \hbox (31.6389pt too wide) in paragraph at lines 152--156
[]\OT1/cmr/m/it/10 Otherwise, sup-pose $\OML/cmm/m/it/10 C\OT1/cmr/m/n/10 (\OML
/cmm/m/it/10 T\OT1/cmr/m/n/10 ) = (\OML/cmm/m/it/10 w[]; e[]\OT1/cmr/m/n/10 ) [
] (\OML/cmm/m/it/10 w[]; e[]\OT1/cmr/m/n/10 )$ \OT1/cmr/m/it/10 and $\OML/cmm/m
/it/10 C\OT1/cmr/m/n/10 (\OML/cmm/m/it/10 T[]\OT1/cmr/m/n/10 ) = (\OML/cmm/m/it
/10 w[]; e[]\OT1/cmr/m/n/10 ) [] (\OML/cmm/m/it/10 w[]; e[]\OT1/cmr/m/n/10 )$\O
T1/cmr/m/it/10 ,
 []

[5]
Overfull \hbox (31.6389pt too wide) in paragraph at lines 161--165
[]\OT1/cmr/m/it/10 Otherwise, sup-pose $\OML/cmm/m/it/10 C\OT1/cmr/m/n/10 (\OML
/cmm/m/it/10 T\OT1/cmr/m/n/10 ) = (\OML/cmm/m/it/10 w[]; e[]\OT1/cmr/m/n/10 ) [
] (\OML/cmm/m/it/10 w[]; e[]\OT1/cmr/m/n/10 )$ \OT1/cmr/m/it/10 and $\OML/cmm/m
/it/10 C\OT1/cmr/m/n/10 (\OML/cmm/m/it/10 T[]\OT1/cmr/m/n/10 ) = (\OML/cmm/m/it
/10 w[]; e[]\OT1/cmr/m/n/10 ) [] (\OML/cmm/m/it/10 w[]; e[]\OT1/cmr/m/n/10 )$\O
T1/cmr/m/it/10 ,
 []

<regex-semantics.pdf, id=41, 573.88402pt x 313.00839pt>
File: regex-semantics.pdf Graphic file (type pdf)

<use regex-semantics.pdf>
Package pdftex.def Info: regex-semantics.pdf used on input line 182.
(pdftex.def)             Requested size: 277.69987pt x 151.465pt.

Overfull \hbox (19.2936pt too wide) in paragraph at lines 177--187
\OT1/cmr/m/n/10 node, while $(\OML/cmm/m/it/10 T[]\OT1/cmr/m/n/10 )[]$ is not, 
we have $(\OML/cmm/m/it/10 T[]\OT1/cmr/m/n/10 )[] \OML/cmm/m/it/10 >[] \OT1/cmr
/m/n/10 (\OML/cmm/m/it/10 T[]\OT1/cmr/m/n/10 )[]$, thus $(\OML/cmm/m/it/10 T[]\
OT1/cmr/m/n/10 )[] \OML/cmm/m/it/10 >[]
 []


Overfull \hbox (110.93561pt too wide) in paragraph at lines 177--187
\OT1/cmr/m/n/10 (\OML/cmm/m/it/10 T[]\OT1/cmr/m/n/10 )[]$ and $(\OML/cmm/m/it/1
0 T[]\OT1/cmr/m/n/10 )[]$ re-spec-tively, we de-duce that $(\OML/cmm/m/it/10 T[
]\OT1/cmr/m/n/10 )[] \OML/cmm/m/it/10 >[]
 []


Overfull \hbox (20.9398pt too wide) in paragraph at lines 177--187
\OT1/cmr/m/n/10 (\OML/cmm/m/it/10 T[]\OT1/cmr/m/n/10 )[]$, thus $(\OML/cmm/m/it
/10 T[]\OT1/cmr/m/n/10 )[] \OML/cmm/m/it/10 >[] \OT1/cmr/m/n/10 (\OML/cmm/m/it/
10 T[]\OT1/cmr/m/n/10 )[]$.
 []

) (./logic.tex [6] [7 <./regex-semantics.pdf>]) (./psst-epsilon.tex
Overfull \hbox (3.5034pt too wide) in paragraph at lines 14--18
[]\OT1/cmr/bx/n/10 (Prioritized Finite-state Au-tomata). []\OT1/cmr/m/it/10 A \
OT1/cmr/m/n/10 pri-or-i-tized finite-state
 []

[8]
Overfull \hbox (24.00491pt too wide) in paragraph at lines 41--43
[]$\OML/cmm/m/it/10 q[]^^[[]q[] [] q[]^^[[] \OT1/cmr/m/n/10 = \OML/cmm/m/it/10 
q[]^^[[]q[] [] q[]^^[[]$\OT1/cmr/m/n/10 , $\OML/cmm/m/it/10 q[] \OMS/cmsy/m/n/1
0 6\OT1/cmr/m/n/10 = \OML/cmm/m/it/10 q[]$\OT1/cmr/m/n/10 , $\OML/cmm/m/it/10 ^
^[[] \OT1/cmr/m/n/10 = \OML/cmm/m/it/10 "$\OT1/cmr/m/n/10 , and ei-ther $\OML/c
mm/m/it/10 ^^Y[]\OT1/cmr/m/n/10 (\OML/cmm/m/it/10 ^^\\OT1/cmr/m/n/10 (\OML/cmm/
m/it/10 q[]\OT1/cmr/m/n/10 )) =
 []


Overfull \hbox (16.19374pt too wide) in paragraph at lines 41--43
\OT1/cmr/m/n/10 ([] \OML/cmm/m/it/10 ; q[]; [] ; q[]; []\OT1/cmr/m/n/10 )$, or 
$\OML/cmm/m/it/10 ^^Y[]\OT1/cmr/m/n/10 (\OML/cmm/m/it/10 ^^\\OT1/cmr/m/n/10 (\O
ML/cmm/m/it/10 q[]\OT1/cmr/m/n/10 )) = ([] \OML/cmm/m/it/10 ; q[]; [] ; q[]; []
\OT1/cmr/m/n/10 )$, or $\OML/cmm/m/it/10 q[] \OMS/cmsy/m/n/10 2 \OML/cmm/m/it/1
0 ^^Y[]\OT1/cmr/m/n/10 (\OML/cmm/m/it/10 ^^\\OT1/cmr/m/n/10 (\OML/cmm/m/it/10 q
[]\OT1/cmr/m/n/10 ))$
 []

<pfa.pdf, id=84, 232.05214pt x 58.89102pt>
File: pfa.pdf Graphic file (type pdf)
 <use pfa.pdf>
Package pdftex.def Info: pfa.pdf used on input line 68.
(pdftex.def)             Requested size: 277.69987pt x 70.48103pt.
 [9]
<psst-epsilon-exmp.pdf, id=88, 577.2055pt x 262.90721pt>
File: psst-epsilon-exmp.pdf Graphic file (type pdf)

<use psst-epsilon-exmp.pdf>
Package pdftex.def Info: psst-epsilon-exmp.pdf used on input line 125.
(pdftex.def)             Requested size: 277.69987pt x 126.49088pt.
 [10 <./pfa.pdf>]
Overfull \hbox (37.06546pt too wide) in paragraph at lines 141--146
[]\OT1/cmr/bx/n/10 (Pre-image of \OT1/cmss/m/n/10 PSST\OT1/cmr/bx/n/10 ). []\OT
1/cmr/m/it/10 Given a \OT1/cmss/m/n/10 PSST $\OMS/cmsy/m/n/10 T \OT1/cmr/m/n/10
 = (\OML/cmm/m/it/10 Q[]; ^^F$\OT1/cmr/m/it/10 , $\OML/cmm/m/it/10 X; ^^N[]; ^^
\[]; E[]; q[]; F[]\OT1/cmr/m/n/10 )$
 []


Overfull \hbox (26.15698pt too wide) in paragraph at lines 141--146
\OT1/cmr/m/it/10 and an FA $\OMS/cmsy/m/n/10 A \OT1/cmr/m/n/10 = (\OML/cmm/m/it
/10 Q[]; ^^F; ^^N[]; q[]; F[]\OT1/cmr/m/n/10 )$\OT1/cmr/m/it/10 , we can com-pu
te an FA $\OMS/cmsy/m/n/10 B \OT1/cmr/m/n/10 = (\OML/cmm/m/it/10 Q[]; ^^F; ^^N[
]; q[]; F[]\OT1/cmr/m/n/10 )$
 []


Overfull \hbox (19.20813pt too wide) in paragraph at lines 150--152
[]\OT1/cmr/m/n/10 Let $\OMS/cmsy/m/n/10 T \OT1/cmr/m/n/10 = (\OML/cmm/m/it/10 Q
[]; ^^F$\OT1/cmr/m/n/10 , $\OML/cmm/m/it/10 X; ^^N[]; ^^\[]; E[]; q[]; F[]\OT1/
cmr/m/n/10 )$ be a \OT1/cmss/m/n/10 PSST \OT1/cmr/m/n/10 and $\OMS/cmsy/m/n/10 
A \OT1/cmr/m/n/10 = (\OML/cmm/m/it/10 Q[]; ^^F; ^^N[]; q[]; F[]\OT1/cmr/m/n/10 
)$
 []

[11 <./psst-epsilon-exmp.pdf>]
<pre-image-counter-example.pdf, id=140, 259.7175pt x 79.11156pt>
File: pre-image-counter-example.pdf Graphic file (type pdf)

<use pre-image-counter-example.pdf>
Package pdftex.def Info: pre-image-counter-example.pdf used on input line 172.
(pdftex.def)             Requested size: 207.77428pt x 63.2893pt.
 [12 <./pre-image-counter-example.pdf>]
LaTeX Font Info:    Try loading font information for OMS+cmr on input line 216.


(/usr/local/texlive/2015/texmf-dist/tex/latex/base/omscmr.fd
File: omscmr.fd 2014/09/29 v2.5h Standard LaTeX font definitions
)
LaTeX Font Info:    Font shape `OMS/cmr/m/n' in size <10> not available
(Font)              Font shape `OMS/cmsy/m/n' tried instead on input line 216.
 [13]
<psst-preimage-example.pdf, id=172, 313.6568pt x 249.75208pt>
File: psst-preimage-example.pdf Graphic file (type pdf)

<use psst-preimage-example.pdf>
Package pdftex.def Info: psst-preimage-example.pdf used on input line 303.
(pdftex.def)             Requested size: 250.92578pt x 199.80191pt.
) (./decproc-new.tex [14]
Overfull \hbox (72.63824pt too wide) in paragraph at lines 26--28
[]\OT1/cmr/m/n/10 If the last as-sign-ment state-ment of $\OML/cmm/m/it/10 S$ \
OT1/cmr/m/n/10 is $\OML/cmm/m/it/10 y \OT1/cmr/m/n/10 := \OMS/cmsy/m/n/10 T\OT1
/cmr/m/n/10 (\OML/cmm/m/it/10 x\OT1/cmr/m/n/10 )$, then let $[] [] \OML/cmm/m/i
t/10 ; []  ; [] []$
 []


Overfull \hbox (64.39783pt too wide) in paragraph at lines 28--29
[]\OT1/cmr/m/n/10 If the last as-sign-ment state-ment of $\OML/cmm/m/it/10 S$ \
OT1/cmr/m/n/10 is $\OML/cmm/m/it/10 z \OT1/cmr/m/n/10 := \OML/cmm/m/it/10 x \OM
S/cmsy/m/n/10 ^^A \OML/cmm/m/it/10 y$\OT1/cmr/m/n/10 , then let $[] [] \OML/cmm
/m/it/10 ; []  ; [] []$
 []


Overfull \hbox (73.79318pt too wide) in paragraph at lines 28--29
\OML/cmm/m/it/10 j[] \OMS/cmsy/m/n/10 2 \OT1/cmr/m/n/10 [\OML/cmm/m/it/10 m[]\O
T1/cmr/m/n/10 ]\OML/cmm/m/it/10 ; []  ; j[] \OMS/cmsy/m/n/10 2 \OT1/cmr/m/n/10 
[\OML/cmm/m/it/10 m[]\OT1/cmr/m/n/10 ]$, and add the as-ser-tion state-ments $[
] [] ; [] []$;
 []

[15 <./psst-preimage-example.pdf>] [16]
Overfull \hbox (38.78806pt too wide) in paragraph at lines 63--67
[]\OT1/cmr/m/n/10 If $\OML/cmm/m/it/10 e \OT1/cmr/m/n/10 = \OML/cmm/m/it/10 e[]
 \OT1/cmr/m/n/10 + \OML/cmm/m/it/10 e[]$\OT1/cmr/m/n/10 , and sup-pose $\OMS/cm
sy/m/n/10 A[] \OT1/cmr/m/n/10 = (\OML/cmm/m/it/10 Q[]; ^^F; ^^N[]; ^^\[]; q[]; 
f[]\OT1/cmr/m/n/10 )$ and $\OMS/cmsy/m/n/10 A[] \OT1/cmr/m/n/10 = (\OML/cmm/m/i
t/10 Q[]; ^^F; ^^N[]; ^^\[]; q[]; f[]\OT1/cmr/m/n/10 )$,
 []


Overfull \hbox (33.78804pt too wide) in paragraph at lines 75--79
[]\OT1/cmr/m/n/10 If $\OML/cmm/m/it/10 e \OT1/cmr/m/n/10 = \OML/cmm/m/it/10 e[]
 \OMS/cmsy/m/n/10 ^^A \OML/cmm/m/it/10 e[]$\OT1/cmr/m/n/10 , and sup-pose $\OMS
/cmsy/m/n/10 A[] \OT1/cmr/m/n/10 = (\OML/cmm/m/it/10 Q[]; ^^F; ^^N[]; ^^\[]; q[
]; f[]\OT1/cmr/m/n/10 )$ and $\OMS/cmsy/m/n/10 A[] \OT1/cmr/m/n/10 = (\OML/cmm/
m/it/10 Q[]; ^^F; ^^N[]; ^^\[]; q[]; f[]\OT1/cmr/m/n/10 )$,
 []


Overfull \hbox (60.53236pt too wide) in paragraph at lines 96--97
[]\OT1/cmr/m/n/10 for ev-ery $\OML/cmm/m/it/10 q \OMS/cmsy/m/n/10 2 \OML/cmm/m/
it/10 Q[] \OMS/cmsy/m/n/10 n f\OML/cmm/m/it/10 q[]; f[]\OMS/cmsy/m/n/10 g$\OT1/
cmr/m/n/10 , $\OML/cmm/m/it/10 ^^\\OT1/cmr/m/n/10 (\OML/cmm/m/it/10 q\OT1/cmr/m
/n/10 ) = \OML/cmm/m/it/10 ^^\[]\OT1/cmr/m/n/10 (\OML/cmm/m/it/10 q\OT1/cmr/m/n
/10 )$, more-over, $\OML/cmm/m/it/10 ^^\\OT1/cmr/m/n/10 (\OML/cmm/m/it/10 q[]\O
T1/cmr/m/n/10 ) = (\OML/cmm/m/it/10 ^^Y[]\OT1/cmr/m/n/10 (\OML/cmm/m/it/10 ^^\[
]\OT1/cmr/m/n/10 (\OML/cmm/m/it/10 q[]\OT1/cmr/m/n/10 )); (\OML/cmm/m/it/10 ^^Y
[]\OT1/cmr/m/n/10 (\OML/cmm/m/it/10 ^^\[]\OT1/cmr/m/n/10 (\OML/cmm/m/it/10 q[]\
OT1/cmr/m/n/10 ))\OML/cmm/m/it/10 ; f[]\OT1/cmr/m/n/10 ))$,
 []


Overfull \hbox (60.53236pt too wide) in paragraph at lines 108--109
[]\OT1/cmr/m/n/10 for ev-ery $\OML/cmm/m/it/10 q \OMS/cmsy/m/n/10 2 \OML/cmm/m/
it/10 Q[] \OMS/cmsy/m/n/10 n f\OML/cmm/m/it/10 q[]; f[]\OMS/cmsy/m/n/10 g$\OT1/
cmr/m/n/10 , $\OML/cmm/m/it/10 ^^\\OT1/cmr/m/n/10 (\OML/cmm/m/it/10 q\OT1/cmr/m
/n/10 ) = \OML/cmm/m/it/10 ^^\[]\OT1/cmr/m/n/10 (\OML/cmm/m/it/10 q\OT1/cmr/m/n
/10 )$, more-over, $\OML/cmm/m/it/10 ^^\\OT1/cmr/m/n/10 (\OML/cmm/m/it/10 q[]\O
T1/cmr/m/n/10 ) = ((\OML/cmm/m/it/10 f[]; ^^Y[]\OT1/cmr/m/n/10 (\OML/cmm/m/it/1
0 ^^\[]\OT1/cmr/m/n/10 (\OML/cmm/m/it/10 q[]\OT1/cmr/m/n/10 ))); \OML/cmm/m/it/
10 ^^Y[]\OT1/cmr/m/n/10 (\OML/cmm/m/it/10 ^^\[]\OT1/cmr/m/n/10 (\OML/cmm/m/it/1
0 q[]\OT1/cmr/m/n/10 )))$,
 []

<retopfa.pdf, id=276, 155.43732pt x 153.60788pt>
File: retopfa.pdf Graphic file (type pdf)
 <use retopfa.pdf>
Package pdftex.def Info: retopfa.pdf used on input line 121.
(pdftex.def)             Requested size: 124.35pt x 122.88646pt.

Overfull \hbox (0.42924pt too wide) in paragraph at lines 117--125
[]\OT1/cmr/m/n/10 Let $\OML/cmm/m/it/10 e[] \OT1/cmr/m/n/10 = \OML/cmm/m/it/10 
a[]$ \OT1/cmr/m/n/10 and $\OML/cmm/m/it/10 e[] \OT1/cmr/m/n/10 = \OML/cmm/m/it/
10 a[]$\OT1/cmr/m/n/10 . Then the PFAs $\OMS/cmsy/m/n/10 A[] \OT1/cmr/m/n/10 = 
(\OML/cmm/m/it/10 Q[]; ^^F; ^^N[]; ^^\[]; q[]; q[]\OT1/cmr/m/n/10 )$
 []

[17] <psst-extract.pdf, id=280, 277.67628pt x 103.8018pt>
File: psst-extract.pdf Graphic file (type pdf)

<use psst-extract.pdf>
Package pdftex.def Info: psst-extract.pdf used on input line 192.
(pdftex.def)             Requested size: 222.14131pt x 83.04153pt.
 [18 <./retopfa.pdf> <./psst-extract.pdf>]
Overfull \hbox (21.07472pt too wide) in paragraph at lines 218--219
[]\OT1/cmr/m/n/10 for ev-ery tran-si-tion $(\OML/cmm/m/it/10 q; ^^[; q[]\OT1/cm
r/m/n/10 )$ with $\OML/cmm/m/it/10 ^^[ \OMS/cmsy/m/n/10 2 \OML/cmm/m/it/10 ^^F[
]$ \OT1/cmr/m/n/10 in $[][][\OMS/cmsy/m/n/10 A[]\OT1/cmr/m/n/10 ]$, we have $\O
ML/cmm/m/it/10 E\OT1/cmr/m/n/10 (\OML/cmm/m/it/10 q; ^^[; q[]\OT1/cmr/m/n/10 )(
\OML/cmm/m/it/10 x\OT1/cmr/m/n/10 ) =
 []


Overfull \hbox (27.3688pt too wide) in paragraph at lines 239--240
\OT1/cmr/m/n/10 transition, ap-pends the cur-rent re-place-ment string, which i
s $[][\OML/cmm/m/it/10 x[]=\OT1/cmr/m/n/10 $[]\OML/cmm/m/it/10 ; []  ; x[]=\OT1
/cmr/m/n/10 $[]]$,
 []

<psst-replace.pdf, id=359, 215.18442pt x 136.35843pt>
File: psst-replace.pdf Graphic file (type pdf)
 <use psst-replace.pdf>
Package pdftex.def Info: psst-replace.pdf used on input line 245.
(pdftex.def)             Requested size: 139.86821pt x 88.63193pt.

[19 <./psst-replace.pdf>]
Overfull \hbox (7.09372pt too wide) in paragraph at lines 271--275
\OT1/cmr/m/n/10 curs in $[][][\OMS/cmsy/m/n/10 A[]\OT1/cmr/m/n/10 ]$, then $\OM
L/cmm/m/it/10 E\OT1/cmr/m/n/10 (\OML/cmm/m/it/10 q; ^^[; q[]\OT1/cmr/m/n/10 )(\
OML/cmm/m/it/10 x[]\OT1/cmr/m/n/10 ) = \OML/cmm/m/it/10 x[]^^[$\OT1/cmr/m/n/10 
, oth-er-wise, $\OML/cmm/m/it/10 E\OT1/cmr/m/n/10 (\OML/cmm/m/it/10 q; ^^[; q[]
\OT1/cmr/m/n/10 )(\OML/cmm/m/it/10 x[]\OT1/cmr/m/n/10 ) =
 []


Overfull \hbox (25.80347pt too wide) in paragraph at lines 275--276
[]\OT1/cmr/m/n/10 for ev-ery $\OML/cmm/m/it/10 ^^[ \OMS/cmsy/m/n/10 2 \OML/cmm/
m/it/10 ^^F$\OT1/cmr/m/n/10 , $\OML/cmm/m/it/10 E\OT1/cmr/m/n/10 (\OML/cmm/m/it
/10 q[]; ^^[; q[]\OT1/cmr/m/n/10 )(\OML/cmm/m/it/10 x[]\OT1/cmr/m/n/10 ) = \OML
/cmm/m/it/10 x[]^^[$\OT1/cmr/m/n/10 , and for ev-ery $\OML/cmm/m/it/10 j \OMS/c
msy/m/n/10 2 \OT1/cmr/m/n/10 [\OML/cmm/m/it/10 k\OT1/cmr/m/n/10 ]$, $\OML/cmm/m
/it/10 E\OT1/cmr/m/n/10 (\OML/cmm/m/it/10 q[]; ^^[; q[]\OT1/cmr/m/n/10 )(\OML/c
mm/m/it/10 x[]\OT1/cmr/m/n/10 ) =
 []


Overfull \hbox (45.6545pt too wide) in paragraph at lines 279--280
[]$\OML/cmm/m/it/10 E\OT1/cmr/m/n/10 (\OML/cmm/m/it/10 f[]; "; q[]\OT1/cmr/m/n/
10 )(\OML/cmm/m/it/10 x[]\OT1/cmr/m/n/10 ) = \OML/cmm/m/it/10 x[][]\OT1/cmr/m/n
/10 [\OML/cmm/m/it/10 x[]=\OT1/cmr/m/n/10 $\OML/cmm/m/it/10 i[]; [] ; x[]=\OT1/
cmr/m/n/10 $\OML/cmm/m/it/10 i[]\OT1/cmr/m/n/10 ]$, and for ev-ery $\OML/cmm/m/
it/10 j \OMS/cmsy/m/n/10 2 \OT1/cmr/m/n/10 [\OML/cmm/m/it/10 k\OT1/cmr/m/n/10 ]
$, $\OML/cmm/m/it/10 E\OT1/cmr/m/n/10 (\OML/cmm/m/it/10 f[]; "; q[]\OT1/cmr/m/n
/10 )(\OML/cmm/m/it/10 x[]\OT1/cmr/m/n/10 ) =
 []

) (./impl.tex) (./experiments.tex) (./main.bbl [20] [21]) (./appendix.tex)
runsystem(rm "main.pyg")...executed.


[22] (./main.aux)

LaTeX Warning: There were multiply-defined labels.

 ) 
Here is how much of TeX's memory you used:
 6844 strings out of 493089
 101996 string characters out of 6134842
 222749 words of memory out of 5000000
 10138 multiletter control sequences out of 15000+600000
 17667 words of font info for 67 fonts, out of 8000000 for 9000
 1141 hyphenation exceptions out of 8191
 46i,12n,35p,1459b,468s stack positions out of 5000i,500n,10000p,200000b,80000s
</usr/local/texlive/2015/texmf-dist/fonts/type1/public/amsfonts/cm/cmbx10.pfb
></usr/local/texlive/2015/texmf-dist/fonts/type1/public/amsfonts/cm/cmbx12.pfb>
</usr/local/texlive/2015/texmf-dist/fonts/type1/public/amsfonts/cm/cmbx9.pfb></
usr/local/texlive/2015/texmf-dist/fonts/type1/public/amsfonts/cm/cmbxti10.pfb><
/usr/local/texlive/2015/texmf-dist/fonts/type1/public/amsfonts/cm/cmex10.pfb></
usr/local/texlive/2015/texmf-dist/fonts/type1/public/amsfonts/cm/cmmi10.pfb></u
sr/local/texlive/2015/texmf-dist/fonts/type1/public/amsfonts/cm/cmmi5.pfb></usr
/local/texlive/2015/texmf-dist/fonts/type1/public/amsfonts/cm/cmmi6.pfb></usr/l
ocal/texlive/2015/texmf-dist/fonts/type1/public/amsfonts/cm/cmmi7.pfb></usr/loc
al/texlive/2015/texmf-dist/fonts/type1/public/amsfonts/cm/cmmi8.pfb></usr/local
/texlive/2015/texmf-dist/fonts/type1/public/amsfonts/cm/cmmi9.pfb></usr/local/t
exlive/2015/texmf-dist/fonts/type1/public/amsfonts/cm/cmr10.pfb></usr/local/tex
live/2015/texmf-dist/fonts/type1/public/amsfonts/cm/cmr5.pfb></usr/local/texliv
e/2015/texmf-dist/fonts/type1/public/amsfonts/cm/cmr6.pfb></usr/local/texlive/2
015/texmf-dist/fonts/type1/public/amsfonts/cm/cmr7.pfb></usr/local/texlive/2015
/texmf-dist/fonts/type1/public/amsfonts/cm/cmr8.pfb></usr/local/texlive/2015/te
xmf-dist/fonts/type1/public/amsfonts/cm/cmr9.pfb></usr/local/texlive/2015/texmf
-dist/fonts/type1/public/amsfonts/cm/cmss10.pfb></usr/local/texlive/2015/texmf-
dist/fonts/type1/public/amsfonts/cm/cmss8.pfb></usr/local/texlive/2015/texmf-di
st/fonts/type1/public/amsfonts/cm/cmss9.pfb></usr/local/texlive/2015/texmf-dist
/fonts/type1/public/amsfonts/cm/cmssbx10.pfb></usr/local/texlive/2015/texmf-dis
t/fonts/type1/public/amsfonts/cm/cmsy10.pfb></usr/local/texlive/2015/texmf-dist
/fonts/type1/public/amsfonts/cm/cmsy5.pfb></usr/local/texlive/2015/texmf-dist/f
onts/type1/public/amsfonts/cm/cmsy6.pfb></usr/local/texlive/2015/texmf-dist/fon
ts/type1/public/amsfonts/cm/cmsy7.pfb></usr/local/texlive/2015/texmf-dist/fonts
/type1/public/amsfonts/cm/cmsy8.pfb></usr/local/texlive/2015/texmf-dist/fonts/t
ype1/public/amsfonts/cm/cmsy9.pfb></usr/local/texlive/2015/texmf-dist/fonts/typ
e1/public/amsfonts/cm/cmti10.pfb></usr/local/texlive/2015/texmf-dist/fonts/type
1/public/amsfonts/cm/cmti7.pfb></usr/local/texlive/2015/texmf-dist/fonts/type1/
public/amsfonts/cm/cmti9.pfb></usr/local/texlive/2015/texmf-dist/fonts/type1/pu
blic/amsfonts/cm/cmtt9.pfb></usr/local/texlive/2015/texmf-dist/fonts/type1/publ
ic/amsfonts/symbols/msam10.pfb></usr/local/texlive/2015/texmf-dist/fonts/type1/
public/amsfonts/symbols/msbm10.pfb></usr/local/texlive/2015/texmf-dist/fonts/ty
pe1/public/amsfonts/symbols/msbm7.pfb></usr/local/texlive/2015/texmf-dist/fonts
/type1/public/rsfs/rsfs10.pfb>
Output written on main.pdf (22 pages, 656555 bytes).
PDF statistics:
 539 PDF objects out of 1000 (max. 8388607)
 345 compressed objects within 4 object streams
 0 named destinations out of 1000 (max. 500000)
 41 words of extra memory for PDF output out of 10000 (max. 10000000)

